0 info it worked if it ends with ok
1 verbose cli [ 'E:\\apps\\nodejs\\node.exe',
1 verbose cli   'E:\\apps\\nodejs\\node_modules\\npm\\bin\\npm-cli.js',
1 verbose cli   'publish' ]
2 info using npm@3.10.9
3 info using node@v6.9.2
4 verbose publish [ '.' ]
5 silly cache add args [ '.', null ]
6 verbose cache add spec .
7 silly cache add parsed spec Result {
7 silly cache add   raw: '.',
7 silly cache add   scope: null,
7 silly cache add   escapedName: null,
7 silly cache add   name: null,
7 silly cache add   rawSpec: '.',
7 silly cache add   spec: 'E:\\root\\storage\\nodejs\\libraryjs',
7 silly cache add   type: 'directory' }
8 verbose addLocalDirectory C:\Users\locked\AppData\Roaming\npm-cache\libraryjs\1.0.1\package.tgz not in flight; packing
9 verbose correctMkdir C:\Users\locked\AppData\Roaming\npm-cache correctMkdir not in flight; initializing
10 info lifecycle libraryjs@1.0.1~prepublish: libraryjs@1.0.1
11 silly lifecycle libraryjs@1.0.1~prepublish: no script for prepublish, continuing
12 verbose tar pack [ 'C:\\Users\\locked\\AppData\\Roaming\\npm-cache\\libraryjs\\1.0.1\\package.tgz',
12 verbose tar pack   'E:\\root\\storage\\nodejs\\libraryjs' ]
13 verbose tarball C:\Users\locked\AppData\Roaming\npm-cache\libraryjs\1.0.1\package.tgz
14 verbose folder E:\root\storage\nodejs\libraryjs
15 verbose addLocalTarball adding from inside cache C:\Users\locked\AppData\Roaming\npm-cache\libraryjs\1.0.1\package.tgz
16 verbose correctMkdir C:\Users\locked\AppData\Roaming\npm-cache correctMkdir not in flight; initializing
17 silly cache afterAdd libraryjs@1.0.1
18 verbose afterAdd C:\Users\locked\AppData\Roaming\npm-cache\libraryjs\1.0.1\package\package.json not in flight; writing
19 verbose correctMkdir C:\Users\locked\AppData\Roaming\npm-cache correctMkdir not in flight; initializing
20 verbose afterAdd C:\Users\locked\AppData\Roaming\npm-cache\libraryjs\1.0.1\package\package.json written
21 silly publish { name: 'libraryjs',
21 silly publish   description: 'Set of javascript classes & function, which can be used in work process',
21 silly publish   version: '1.0.1',
21 silly publish   scripts: { start: 'npm run gulp', gulp: 'gulp' },
21 silly publish   repository:
21 silly publish    { type: 'git',
21 silly publish      url: 'git+https://github.com/lidebug/libraryjs.git' },
21 silly publish   author: { name: 'Li Debug', email: 'returninfinity8@gmail.com' },
21 silly publish   license: 'ISC',
21 silly publish   devDependencies:
21 silly publish    { gulp: '*',
21 silly publish      'gulp-clean': '*',
21 silly publish      'gulp-concat': '*',
21 silly publish      'gulp-flatten': '*',
21 silly publish      'gulp-less': '*',
21 silly publish      'gulp-tsconfig': '*',
21 silly publish      'gulp-typescript': '*',
21 silly publish      typescript: '*' },
21 silly publish   readme: '# Library js\r\n\r\nSet of javascript classes & function, which can be used in work process\r\nPlus typescript converter and concatenation.',
21 silly publish   readmeFilename: 'README.md',
21 silly publish   gitHead: 'bdcc6b66ad262cbe189ab70d8c5363a3f8903f0e',
21 silly publish   bugs: { url: 'https://github.com/lidebug/libraryjs/issues' },
21 silly publish   homepage: 'https://github.com/lidebug/libraryjs#readme',
21 silly publish   _id: 'libraryjs@1.0.1',
21 silly publish   _shasum: '992b8123325a36bfbc218439b2394a1d97cff045',
21 silly publish   _from: '.' }
22 verbose getPublishConfig undefined
23 silly mapToRegistry name libraryjs
24 silly mapToRegistry using default registry
25 silly mapToRegistry registry https://registry.npmjs.org/
26 silly mapToRegistry data Result {
26 silly mapToRegistry   raw: 'libraryjs',
26 silly mapToRegistry   scope: null,
26 silly mapToRegistry   escapedName: 'libraryjs',
26 silly mapToRegistry   name: 'libraryjs',
26 silly mapToRegistry   rawSpec: '',
26 silly mapToRegistry   spec: 'latest',
26 silly mapToRegistry   type: 'tag' }
27 silly mapToRegistry uri https://registry.npmjs.org/libraryjs
28 verbose publish registryBase https://registry.npmjs.org/
29 silly publish uploading C:\Users\locked\AppData\Roaming\npm-cache\libraryjs\1.0.1\package.tgz
30 verbose request uri https://registry.npmjs.org/libraryjs
31 verbose request sending authorization for write operation
32 info attempt registry request try #1 at 4:08:14 AM
33 verbose request using bearer token for auth
34 verbose request id 05df0a7a2277459e
35 http request PUT https://registry.npmjs.org/libraryjs
36 http 403 https://registry.npmjs.org/libraryjs
37 verbose headers { 'content-type': 'application/json',
37 verbose headers   'cache-control': 'max-age=300',
37 verbose headers   'content-length': '95',
37 verbose headers   'accept-ranges': 'bytes',
37 verbose headers   date: 'Tue, 03 Jan 2017 01:08:16 GMT',
37 verbose headers   via: '1.1 varnish',
37 verbose headers   connection: 'keep-alive',
37 verbose headers   'x-served-by': 'cache-bma7022-BMA',
37 verbose headers   'x-cache': 'MISS',
37 verbose headers   'x-cache-hits': '0',
37 verbose headers   'x-timer': 'S1483405695.096729,VS0,VE1052',
37 verbose headers   vary: 'Accept-Encoding' }
38 verbose request invalidating C:\Users\locked\AppData\Roaming\npm-cache\registry.npmjs.org\libraryjs on PUT
39 error publish Failed PUT 403
40 verbose stack Error: "You cannot publish over the previously published version 1.0.1." : libraryjs
40 verbose stack     at makeError (E:\apps\nodejs\node_modules\npm\node_modules\npm-registry-client\lib\request.js:302:12)
40 verbose stack     at CachingRegistryClient.<anonymous> (E:\apps\nodejs\node_modules\npm\node_modules\npm-registry-client\lib\request.js:290:14)
40 verbose stack     at Request._callback (E:\apps\nodejs\node_modules\npm\node_modules\npm-registry-client\lib\request.js:210:14)
40 verbose stack     at Request.self.callback (E:\apps\nodejs\node_modules\npm\node_modules\request\request.js:187:22)
40 verbose stack     at emitTwo (events.js:106:13)
40 verbose stack     at Request.emit (events.js:191:7)
40 verbose stack     at Request.<anonymous> (E:\apps\nodejs\node_modules\npm\node_modules\request\request.js:1048:10)
40 verbose stack     at emitOne (events.js:96:13)
40 verbose stack     at Request.emit (events.js:188:7)
40 verbose stack     at IncomingMessage.<anonymous> (E:\apps\nodejs\node_modules\npm\node_modules\request\request.js:969:12)
41 verbose statusCode 403
42 verbose pkgid libraryjs
43 verbose cwd E:\root\storage\nodejs\libraryjs
44 error Windows_NT 10.0.14393
45 error argv "E:\\apps\\nodejs\\node.exe" "E:\\apps\\nodejs\\node_modules\\npm\\bin\\npm-cli.js" "publish"
46 error node v6.9.2
47 error npm  v3.10.9
48 error code E403
49 error "You cannot publish over the previously published version 1.0.1." : libraryjs
50 error If you need help, you may report this error at:
50 error     <https://github.com/npm/npm/issues>
51 verbose exit [ 1, true ]
